Current Minecraft version = 1.7.10-10.13.4.1614-1.7.10Current Minecraft version = 1.7.10-10.13.4.1614-1.7.10

version = 1.7.10-1.2.0b20170405144331version = 1.7.10-1.2.0b20170405144331

Current Java version = 1.8.0_121 (Oracle Corporation 25.121-b13)Current Java version = 1.8.0_121 (Oracle Corporation 25.121-b13)

10.13.4.161410.13.4.1614

Current Java version = 1.8.0_121 (Oracle Corporation 25.121-b13)Current Java version = 1.8.0_121 (Oracle Corporation 25.121-b13)

Found AccessTransformer in main resources: VE_at.cfg
useAnt has been deprecated and is scheduled to be removed in Gradle 3.0. The Ant-Based Scala compiler is deprecated, please see https://docs.gradle.org/current/userguide/scala_plugin.html.
:makePretty UP-TO-DATE
:clean
:downloadClient SKIPPED
:downloadServer SKIPPED
:getVersionJson
:extractUserDev UP-TO-DATE
:mergeJars SKIPPED
:applyBinPatches SKIPPED
:downloadMcpTools SKIPPED
:extractMcpData UP-TO-DATE
:genSrgs SKIPPED
:deobfBinJar
Applying SpecialSource...
Applying Exceptor...
Stripping synthetics...
:compileApiJava UP-TO-DATE
:compileApiScala
:processApiResources UP-TO-DATE
:apiClasses
:sourceMainJava
:compileJava UP-TO-DATE
:sourceMainScala
:compileScalaF:\github\1.7\BuildOld\build\sources\scala\com\builtbroken\mc\prefab\tile\TileModuleMachine.scala:10: TileModuleMachine is already defined as class TileModuleMachine
class TileModuleMachine(name: String, material: Material) extends TileModuleMachineBase(name, material) with TSidedInvProvider
      ^
one error found
 FAILED

FAILURE: Build failed with an exception.

* What went wrong:
Execution failed for task ':compileScala'.
> Compilation failed

* Try:
Run with --stacktrace option to get the stack trace. Run with --info or --debug option to get more log output.

BUILD FAILED

Total time: 2 mins 29.572 secs
